Dec 12, 2024 9:33:20 PM org.eclipse.lemminx.XMLLanguageServer initialize
INFO: Initializing XML Language server
LemMinX Server info:
 - Version : 0.29.0
 - Native Image
 - VM Version : 17.0.9
 - Git acacf75 - [maven-release-plugin] prepare release 0.29.0
Dec 12, 2024 9:33:45 PM org.eclipse.lsp4j.jsonrpc.RemoteEndpoint handleCancellation
WARNING: Unmatched cancel notification for request id 41
Dec 12, 2024 9:34:00 PM org.eclipse.lsp4j.jsonrpc.RemoteEndpoint handleCancellation
WARNING: Unmatched cancel notification for request id 106
Dec 12, 2024 9:34:02 PM org.eclipse.lsp4j.jsonrpc.RemoteEndpoint handleCancellation
WARNING: Unmatched cancel notification for request id 107
Dec 12, 2024 9:42:26 PM org.eclipse.lemminx.uriresolver.CacheResourcesManager lambda$downloadResource$0
INFO: Downloading https://github.com/Mikachu/openbox/blob/master/data/menu.xsd to /home/othman/.lemminx/cache/https/github.com/Mikachu/openbox/blob/master/data/menu.xsd...
Dec 12, 2024 9:42:29 PM org.eclipse.lemminx.uriresolver.CacheResourcesManager lambda$downloadResource$0
INFO: Downloaded https://github.com/Mikachu/openbox/blob/master/data/menu.xsd to /home/othman/.lemminx/cache/https/github.com/Mikachu/openbox/blob/master/data/menu.xsd in 2168ms
Dec 12, 2024 9:45:54 PM org.eclipse.lemminx.XMLLanguageServer initialize
INFO: Initializing XML Language server
LemMinX Server info:
 - Version : 0.29.0
 - Native Image
 - VM Version : 17.0.9
 - Git acacf75 - [maven-release-plugin] prepare release 0.29.0
